1585010749921	mozrunner::runner	INFO	Running command: "C:\\Program Files\\Mozilla Firefox\\firefox.exe" "-marionette" "-foreground" "-no-remote" "-profile" "C:\\Users\\GONGLI~1\\AppData\\Local\\Temp\\rust_mozprofileMAKZk9"
1585010750920	addons.webextension.doh-rollout@mozilla.org	WARN	Loading extension 'doh-rollout@mozilla.org': Reading manifest: Invalid extension permission: networkStatus
1585010751397	addons.webextension.screenshots@mozilla.org	WARN	Loading extension 'screenshots@mozilla.org': Reading manifest: Invalid extension permission: mozillaAddons
1585010751397	addons.webextension.screenshots@mozilla.org	WARN	Loading extension 'screenshots@mozilla.org': Reading manifest: Invalid extension permission: telemetry
1585010751397	addons.webextension.screenshots@mozilla.org	WARN	Loading extension 'screenshots@mozilla.org': Reading manifest: Invalid extension permission: resource://pdf.js/
1585010751397	addons.webextension.screenshots@mozilla.org	WARN	Loading extension 'screenshots@mozilla.org': Reading manifest: Invalid extension permission: about:reader*
JavaScript error: resource://gre/modules/XULStore.jsm, line 66: Error: Can't find profile directory.
1585010754811	Marionette	INFO	Listening on port 61070
1585010755194	Marionette	WARN	TLS certificate errors will be ignored for this session
1585011245819	Marionette	INFO	Stopped listening on port 61070

###!!! [Child][RunMessage] Error: Channel closing: too late to send/recv, messages will be lost


###!!! [Child][MessageChannel::SendAndWait] Error: Channel error: cannot send/recv

1585011702487	mozrunner::runner	INFO	Running command: "C:\\Program Files\\Mozilla Firefox\\firefox.exe" "-marionette" "-foreground" "-no-remote" "-profile" "C:\\Users\\GONGLI~1\\AppData\\Local\\Temp\\rust_mozprofilePvlapL"
1585011702957	addons.webextension.doh-rollout@mozilla.org	WARN	Loading extension 'doh-rollout@mozilla.org': Reading manifest: Invalid extension permission: networkStatus
1585011703393	addons.webextension.screenshots@mozilla.org	WARN	Loading extension 'screenshots@mozilla.org': Reading manifest: Invalid extension permission: mozillaAddons
1585011703393	addons.webextension.screenshots@mozilla.org	WARN	Loading extension 'screenshots@mozilla.org': Reading manifest: Invalid extension permission: telemetry
1585011703393	addons.webextension.screenshots@mozilla.org	WARN	Loading extension 'screenshots@mozilla.org': Reading manifest: Invalid extension permission: resource://pdf.js/
1585011703393	addons.webextension.screenshots@mozilla.org	WARN	Loading extension 'screenshots@mozilla.org': Reading manifest: Invalid extension permission: about:reader*
JavaScript error: resource://gre/modules/XULStore.jsm, line 66: Error: Can't find profile directory.
1585011706133	Marionette	INFO	Listening on port 61714
1585011706358	Marionette	WARN	TLS certificate errors will be ignored for this session
1585011905371	mozrunner::runner	INFO	Running command: "C:\\Program Files\\Mozilla Firefox\\firefox.exe" "-marionette" "-foreground" "-no-remote" "-profile" "C:\\Users\\GONGLI~1\\AppData\\Local\\Temp\\rust_mozprofileHF9BPr"
1585011906079	addons.webextension.doh-rollout@mozilla.org	WARN	Loading extension 'doh-rollout@mozilla.org': Reading manifest: Invalid extension permission: networkStatus
1585011906817	addons.webextension.screenshots@mozilla.org	WARN	Loading extension 'screenshots@mozilla.org': Reading manifest: Invalid extension permission: mozillaAddons
1585011906817	addons.webextension.screenshots@mozilla.org	WARN	Loading extension 'screenshots@mozilla.org': Reading manifest: Invalid extension permission: telemetry
1585011906817	addons.webextension.screenshots@mozilla.org	WARN	Loading extension 'screenshots@mozilla.org': Reading manifest: Invalid extension permission: resource://pdf.js/
1585011906817	addons.webextension.screenshots@mozilla.org	WARN	Loading extension 'screenshots@mozilla.org': Reading manifest: Invalid extension permission: about:reader*
JavaScript error: resource://gre/modules/XULStore.jsm, line 66: Error: Can't find profile directory.
1585011909328	Marionette	INFO	Listening on port 61827
1585011909763	Marionette	WARN	TLS certificate errors will be ignored for this session

###!!! [Child][RunMessage] Error: Channel closing: too late to send/recv, messages will be lost

1585011942502	Marionette	INFO	Stopped listening on port 61827

###!!! [Child][RunMessage] Error: Channel closing: too late to send/recv, messages will be lost


###!!! [Child][MessageChannel::SendAndWait] Error: Channel error: cannot send/recv

1585012182783	mozrunner::runner	INFO	Running command: "C:\\Program Files\\Mozilla Firefox\\firefox.exe" "-marionette" "-foreground" "-no-remote" "-profile" "C:\\Users\\GONGLI~1\\AppData\\Local\\Temp\\rust_mozprofiletJRqtB"
1585012183335	addons.webextension.doh-rollout@mozilla.org	WARN	Loading extension 'doh-rollout@mozilla.org': Reading manifest: Invalid extension permission: networkStatus
1585012183848	addons.webextension.screenshots@mozilla.org	WARN	Loading extension 'screenshots@mozilla.org': Reading manifest: Invalid extension permission: mozillaAddons
1585012183848	addons.webextension.screenshots@mozilla.org	WARN	Loading extension 'screenshots@mozilla.org': Reading manifest: Invalid extension permission: telemetry
1585012183848	addons.webextension.screenshots@mozilla.org	WARN	Loading extension 'screenshots@mozilla.org': Reading manifest: Invalid extension permission: resource://pdf.js/
1585012183849	addons.webextension.screenshots@mozilla.org	WARN	Loading extension 'screenshots@mozilla.org': Reading manifest: Invalid extension permission: about:reader*
JavaScript error: resource://gre/modules/XULStore.jsm, line 66: Error: Can't find profile directory.
1585012186806	Marionette	INFO	Listening on port 62240
1585012187152	Marionette	WARN	TLS certificate errors will be ignored for this session
1585012219593	Marionette	INFO	Stopped listening on port 62240

###!!! [Child][RunMessage] Error: Channel closing: too late to send/recv, messages will be lost


###!!! [Child][MessageChannel::SendAndWait] Error: Channel error: cannot send/recv

1585012361685	mozrunner::runner	INFO	Running command: "C:\\Program Files\\Mozilla Firefox\\firefox.exe" "-marionette" "-foreground" "-no-remote" "-profile" "C:\\Users\\GONGLI~1\\AppData\\Local\\Temp\\rust_mozprofile0gAdFd"
1585012362158	addons.webextension.doh-rollout@mozilla.org	WARN	Loading extension 'doh-rollout@mozilla.org': Reading manifest: Invalid extension permission: networkStatus
1585012362611	addons.webextension.screenshots@mozilla.org	WARN	Loading extension 'screenshots@mozilla.org': Reading manifest: Invalid extension permission: mozillaAddons
1585012362612	addons.webextension.screenshots@mozilla.org	WARN	Loading extension 'screenshots@mozilla.org': Reading manifest: Invalid extension permission: telemetry
1585012362612	addons.webextension.screenshots@mozilla.org	WARN	Loading extension 'screenshots@mozilla.org': Reading manifest: Invalid extension permission: resource://pdf.js/
1585012362612	addons.webextension.screenshots@mozilla.org	WARN	Loading extension 'screenshots@mozilla.org': Reading manifest: Invalid extension permission: about:reader*
JavaScript error: resource://gre/modules/XULStore.jsm, line 66: Error: Can't find profile directory.
1585012365174	Marionette	INFO	Listening on port 62450
1585012365564	Marionette	WARN	TLS certificate errors will be ignored for this session
JavaScript warning: https://g.alicdn.com/secdev/sufei_data/3.8.7/index.js, line 1: Error: WebGL context was lost.
JavaScript warning: https://g.alicdn.com/secdev/nsv/1.0.72/ns_d_83_3_n.js, line 3: Error: WebGL context was lost.
JavaScript warning: https://g.alicdn.com/AWSC/WebUMID/1.80.0/um.js?d=24, line 1: Error: WebGL context was lost.
JavaScript warning: https://g.alicdn.com/secdev/sufei_data/3.8.7/index.js, line 1: Error: WebGL context was lost.
JavaScript warning: https://g.alicdn.com/AWSC/et/1.2.6/et_n.js, line 2: Error: WebGL context was lost.
JavaScript warning: https://g.alicdn.com/secdev/nsv/1.0.72/ns_d_83_3_n.js, line 3: Error: WebGL context was lost.
JavaScript warning: https://g.alicdn.com/AWSC/WebUMID/1.80.0/um.js?d=24, line 1: Error: WebGL context was lost.
1585012396933	Marionette	INFO	Stopped listening on port 62450

###!!! [Child][RunMessage] Error: Channel closing: too late to send/recv, messages will be lost


###!!! [Child][MessageChannel::SendAndWait] Error: Channel error: cannot send/recv

1585030328393	mozrunner::runner	INFO	Running command: "C:\\Program Files\\Mozilla Firefox\\firefox.exe" "-marionette" "-foreground" "-no-remote" "-profile" "C:\\Users\\GONGLI~1\\AppData\\Local\\Temp\\rust_mozprofileZKcUj5"
1585030328955	addons.webextension.doh-rollout@mozilla.org	WARN	Loading extension 'doh-rollout@mozilla.org': Reading manifest: Invalid extension permission: networkStatus
1585030329370	addons.webextension.screenshots@mozilla.org	WARN	Loading extension 'screenshots@mozilla.org': Reading manifest: Invalid extension permission: mozillaAddons
1585030329370	addons.webextension.screenshots@mozilla.org	WARN	Loading extension 'screenshots@mozilla.org': Reading manifest: Invalid extension permission: telemetry
1585030329370	addons.webextension.screenshots@mozilla.org	WARN	Loading extension 'screenshots@mozilla.org': Reading manifest: Invalid extension permission: resource://pdf.js/
1585030329370	addons.webextension.screenshots@mozilla.org	WARN	Loading extension 'screenshots@mozilla.org': Reading manifest: Invalid extension permission: about:reader*
JavaScript error: resource://gre/modules/XULStore.jsm, line 66: Error: Can't find profile directory.
1585030332031	Marionette	INFO	Listening on port 58183
1585030332296	Marionette	WARN	TLS certificate errors will be ignored for this session
JavaScript warning: https://g.alicdn.com/secdev/sufei_data/3.8.7/index.js, line 1: Error: WebGL context was lost.
JavaScript warning: https://g.alicdn.com/secdev/nsv/1.0.72/ns_d_83_3_n.js, line 3: Error: WebGL context was lost.
JavaScript warning: https://g.alicdn.com/AWSC/WebUMID/1.80.0/um.js?d=24, line 1: Error: WebGL context was lost.
JavaScript warning: https://g.alicdn.com/secdev/sufei_data/3.8.7/index.js, line 1: Error: WebGL context was lost.
JavaScript warning: https://g.alicdn.com/AWSC/et/1.2.6/et_n.js, line 2: Error: WebGL context was lost.
JavaScript warning: https://g.alicdn.com/secdev/nsv/1.0.72/ns_d_83_3_n.js, line 3: Error: WebGL context was lost.
JavaScript warning: https://g.alicdn.com/AWSC/WebUMID/1.80.0/um.js?d=24, line 1: Error: WebGL context was lost.
1585030410207	mozrunner::runner	INFO	Running command: "C:\\Program Files\\Mozilla Firefox\\firefox.exe" "-marionette" "-foreground" "-no-remote" "-profile" "C:\\Users\\GONGLI~1\\AppData\\Local\\Temp\\rust_mozprofileQ7TnUR"
1585030410782	addons.webextension.doh-rollout@mozilla.org	WARN	Loading extension 'doh-rollout@mozilla.org': Reading manifest: Invalid extension permission: networkStatus
1585030411444	addons.webextension.screenshots@mozilla.org	WARN	Loading extension 'screenshots@mozilla.org': Reading manifest: Invalid extension permission: mozillaAddons
1585030411444	addons.webextension.screenshots@mozilla.org	WARN	Loading extension 'screenshots@mozilla.org': Reading manifest: Invalid extension permission: telemetry
1585030411444	addons.webextension.screenshots@mozilla.org	WARN	Loading extension 'screenshots@mozilla.org': Reading manifest: Invalid extension permission: resource://pdf.js/
1585030411444	addons.webextension.screenshots@mozilla.org	WARN	Loading extension 'screenshots@mozilla.org': Reading manifest: Invalid extension permission: about:reader*
JavaScript error: resource://gre/modules/XULStore.jsm, line 66: Error: Can't find profile directory.
1585030414180	Marionette	INFO	Listening on port 58373
1585030414591	Marionette	WARN	TLS certificate errors will be ignored for this session
JavaScript warning: https://g.alicdn.com/secdev/nsv/1.0.72/ns_d_83_3_n.js, line 3: Error: WebGL context was lost.
JavaScript warning: https://g.alicdn.com/secdev/sufei_data/3.8.7/index.js, line 1: Error: WebGL context was lost.
JavaScript warning: https://g.alicdn.com/AWSC/WebUMID/1.80.0/um.js?d=24, line 1: Error: WebGL context was lost.
JavaScript warning: https://g.alicdn.com/secdev/sufei_data/3.8.7/index.js, line 1: Error: WebGL context was lost.
JavaScript warning: https://g.alicdn.com/AWSC/et/1.2.6/et_n.js, line 2: Error: WebGL context was lost.
JavaScript warning: https://g.alicdn.com/secdev/nsv/1.0.72/ns_d_83_3_n.js, line 3: Error: WebGL context was lost.
JavaScript warning: https://g.alicdn.com/AWSC/WebUMID/1.80.0/um.js?d=24, line 1: Error: WebGL context was lost.
1585030605880	mozrunner::runner	INFO	Running command: "C:\\Program Files\\Mozilla Firefox\\firefox.exe" "-marionette" "-foreground" "-no-remote" "-profile" "C:\\Users\\GONGLI~1\\AppData\\Local\\Temp\\rust_mozprofilemqViAd"
1585030606372	addons.webextension.doh-rollout@mozilla.org	WARN	Loading extension 'doh-rollout@mozilla.org': Reading manifest: Invalid extension permission: networkStatus
1585030606802	addons.webextension.screenshots@mozilla.org	WARN	Loading extension 'screenshots@mozilla.org': Reading manifest: Invalid extension permission: mozillaAddons
1585030606802	addons.webextension.screenshots@mozilla.org	WARN	Loading extension 'screenshots@mozilla.org': Reading manifest: Invalid extension permission: telemetry
1585030606802	addons.webextension.screenshots@mozilla.org	WARN	Loading extension 'screenshots@mozilla.org': Reading manifest: Invalid extension permission: resource://pdf.js/
1585030606802	addons.webextension.screenshots@mozilla.org	WARN	Loading extension 'screenshots@mozilla.org': Reading manifest: Invalid extension permission: about:reader*
JavaScript error: resource://gre/modules/XULStore.jsm, line 66: Error: Can't find profile directory.
1585030609751	Marionette	INFO	Listening on port 58670
1585030610253	Marionette	WARN	TLS certificate errors will be ignored for this session
JavaScript warning: https://g.alicdn.com/secdev/sufei_data/3.8.7/index.js, line 1: Error: WebGL context was lost.
JavaScript warning: https://g.alicdn.com/secdev/nsv/1.0.72/ns_d_83_3_n.js, line 3: Error: WebGL context was lost.
JavaScript warning: https://g.alicdn.com/AWSC/WebUMID/1.80.0/um.js?d=24, line 1: Error: WebGL context was lost.
JavaScript warning: https://g.alicdn.com/secdev/sufei_data/3.8.7/index.js, line 1: Error: WebGL context was lost.
JavaScript warning: https://g.alicdn.com/AWSC/et/1.2.6/et_n.js, line 2: Error: WebGL context was lost.
JavaScript warning: https://g.alicdn.com/secdev/nsv/1.0.72/ns_d_83_3_n.js, line 3: Error: WebGL context was lost.
JavaScript warning: https://g.alicdn.com/AWSC/WebUMID/1.80.0/um.js?d=24, line 1: Error: WebGL context was lost.
1585030879501	mozrunner::runner	INFO	Running command: "C:\\Program Files\\Mozilla Firefox\\firefox.exe" "-marionette" "-foreground" "-no-remote" "-profile" "C:\\Users\\GONGLI~1\\AppData\\Local\\Temp\\rust_mozprofilewlhmdk"
1585030879975	addons.webextension.doh-rollout@mozilla.org	WARN	Loading extension 'doh-rollout@mozilla.org': Reading manifest: Invalid extension permission: networkStatus
1585030880400	addons.webextension.screenshots@mozilla.org	WARN	Loading extension 'screenshots@mozilla.org': Reading manifest: Invalid extension permission: mozillaAddons
1585030880400	addons.webextension.screenshots@mozilla.org	WARN	Loading extension 'screenshots@mozilla.org': Reading manifest: Invalid extension permission: telemetry
1585030880400	addons.webextension.screenshots@mozilla.org	WARN	Loading extension 'screenshots@mozilla.org': Reading manifest: Invalid extension permission: resource://pdf.js/
1585030880401	addons.webextension.screenshots@mozilla.org	WARN	Loading extension 'screenshots@mozilla.org': Reading manifest: Invalid extension permission: about:reader*
JavaScript error: resource://gre/modules/XULStore.jsm, line 66: Error: Can't find profile directory.
1585030883230	Marionette	INFO	Listening on port 59066
1585030883432	Marionette	WARN	TLS certificate errors will be ignored for this session
JavaScript warning: https://g.alicdn.com/secdev/sufei_data/3.8.8/index.js, line 1: Error: WebGL context was lost.
JavaScript warning: https://g.alicdn.com/secdev/nsv/1.0.72/ns_d_83_3_n.js, line 3: Error: WebGL context was lost.
JavaScript warning: https://g.alicdn.com/AWSC/WebUMID/1.80.0/um.js?d=24, line 1: Error: WebGL context was lost.
JavaScript warning: https://g.alicdn.com/secdev/sufei_data/3.8.7/index.js, line 1: Error: WebGL context was lost.
JavaScript warning: https://g.alicdn.com/AWSC/et/1.2.6/et_n.js, line 2: Error: WebGL context was lost.
JavaScript warning: https://g.alicdn.com/secdev/nsv/1.0.72/ns_d_83_3_n.js, line 3: Error: WebGL context was lost.
JavaScript warning: https://g.alicdn.com/AWSC/WebUMID/1.80.0/um.js?d=24, line 1: Error: WebGL context was lost.
1585030976214	mozrunner::runner	INFO	Running command: "C:\\Program Files\\Mozilla Firefox\\firefox.exe" "-marionette" "-foreground" "-no-remote" "-profile" "C:\\Users\\GONGLI~1\\AppData\\Local\\Temp\\rust_mozprofilej5yO0h"
1585030976699	addons.webextension.doh-rollout@mozilla.org	WARN	Loading extension 'doh-rollout@mozilla.org': Reading manifest: Invalid extension permission: networkStatus
1585030977152	addons.webextension.screenshots@mozilla.org	WARN	Loading extension 'screenshots@mozilla.org': Reading manifest: Invalid extension permission: mozillaAddons
1585030977152	addons.webextension.screenshots@mozilla.org	WARN	Loading extension 'screenshots@mozilla.org': Reading manifest: Invalid extension permission: telemetry
1585030977153	addons.webextension.screenshots@mozilla.org	WARN	Loading extension 'screenshots@mozilla.org': Reading manifest: Invalid extension permission: resource://pdf.js/
1585030977153	addons.webextension.screenshots@mozilla.org	WARN	Loading extension 'screenshots@mozilla.org': Reading manifest: Invalid extension permission: about:reader*
JavaScript error: resource://gre/modules/XULStore.jsm, line 66: Error: Can't find profile directory.
1585030980277	Marionette	INFO	Listening on port 59249
1585030980580	Marionette	WARN	TLS certificate errors will be ignored for this session
JavaScript warning: https://g.alicdn.com/secdev/sufei_data/3.8.7/index.js, line 1: Error: WebGL context was lost.
JavaScript warning: https://g.alicdn.com/secdev/nsv/1.0.72/ns_d_83_3_n.js, line 3: Error: WebGL context was lost.
JavaScript warning: https://g.alicdn.com/AWSC/WebUMID/1.79.2/um.js?d=24, line 6: Error: WebGL context was lost.
JavaScript warning: https://g.alicdn.com/secdev/sufei_data/3.8.7/index.js, line 1: Error: WebGL context was lost.
JavaScript warning: https://g.alicdn.com/AWSC/et/1.2.6/et_n.js, line 2: Error: WebGL context was lost.
JavaScript warning: https://g.alicdn.com/secdev/nsv/1.0.72/ns_d_83_3_n.js, line 3: Error: WebGL context was lost.
JavaScript warning: https://g.alicdn.com/AWSC/WebUMID/1.79.2/um.js?d=24, line 6: Error: WebGL context was lost.
1585031069094	mozrunner::runner	INFO	Running command: "C:\\Program Files\\Mozilla Firefox\\firefox.exe" "-marionette" "-foreground" "-no-remote" "-profile" "C:\\Users\\GONGLI~1\\AppData\\Local\\Temp\\rust_mozprofilemBTNjm"
1585031070072	addons.webextension.doh-rollout@mozilla.org	WARN	Loading extension 'doh-rollout@mozilla.org': Reading manifest: Invalid extension permission: networkStatus
1585031070693	addons.webextension.screenshots@mozilla.org	WARN	Loading extension 'screenshots@mozilla.org': Reading manifest: Invalid extension permission: mozillaAddons
1585031070693	addons.webextension.screenshots@mozilla.org	WARN	Loading extension 'screenshots@mozilla.org': Reading manifest: Invalid extension permission: telemetry
1585031070694	addons.webextension.screenshots@mozilla.org	WARN	Loading extension 'screenshots@mozilla.org': Reading manifest: Invalid extension permission: resource://pdf.js/
1585031070694	addons.webextension.screenshots@mozilla.org	WARN	Loading extension 'screenshots@mozilla.org': Reading manifest: Invalid extension permission: about:reader*
JavaScript error: resource://gre/modules/XULStore.jsm, line 66: Error: Can't find profile directory.
1585031073780	Marionette	INFO	Listening on port 59441
1585031074110	Marionette	WARN	TLS certificate errors will be ignored for this session
JavaScript warning: https://g.alicdn.com/secdev/sufei_data/3.8.7/index.js, line 1: Error: WebGL context was lost.
JavaScript warning: https://g.alicdn.com/secdev/nsv/1.0.72/ns_d_83_3_n.js, line 3: Error: WebGL context was lost.
JavaScript warning: https://g.alicdn.com/AWSC/WebUMID/1.79.2/um.js?d=24, line 6: Error: WebGL context was lost.
JavaScript warning: https://g.alicdn.com/secdev/nsv/1.0.72/ns_d_83_3_n.js, line 3: Error: WebGL context was lost.
JavaScript warning: https://g.alicdn.com/secdev/sufei_data/3.8.8/index.js, line 1: Error: WebGL context was lost.
JavaScript warning: https://g.alicdn.com/AWSC/et/1.2.6/et_n.js, line 2: Error: WebGL context was lost.
JavaScript warning: https://g.alicdn.com/AWSC/WebUMID/1.79.2/um.js?d=24, line 6: Error: WebGL context was lost.
1585031132893	mozrunner::runner	INFO	Running command: "C:\\Program Files\\Mozilla Firefox\\firefox.exe" "-marionette" "-foreground" "-no-remote" "-profile" "C:\\Users\\GONGLI~1\\AppData\\Local\\Temp\\rust_mozprofileumNowM"
1585031133421	addons.webextension.doh-rollout@mozilla.org	WARN	Loading extension 'doh-rollout@mozilla.org': Reading manifest: Invalid extension permission: networkStatus
1585031133850	addons.webextension.screenshots@mozilla.org	WARN	Loading extension 'screenshots@mozilla.org': Reading manifest: Invalid extension permission: mozillaAddons
1585031133851	addons.webextension.screenshots@mozilla.org	WARN	Loading extension 'screenshots@mozilla.org': Reading manifest: Invalid extension permission: telemetry
1585031133851	addons.webextension.screenshots@mozilla.org	WARN	Loading extension 'screenshots@mozilla.org': Reading manifest: Invalid extension permission: resource://pdf.js/
1585031133851	addons.webextension.screenshots@mozilla.org	WARN	Loading extension 'screenshots@mozilla.org': Reading manifest: Invalid extension permission: about:reader*
JavaScript error: resource://gre/modules/XULStore.jsm, line 66: Error: Can't find profile directory.
1585031136850	Marionette	INFO	Listening on port 59602
1585031137267	Marionette	WARN	TLS certificate errors will be ignored for this session
JavaScript warning: https://g.alicdn.com/secdev/sufei_data/3.8.7/index.js, line 1: Error: WebGL context was lost.
JavaScript warning: https://g.alicdn.com/secdev/nsv/1.0.72/ns_d_83_3_n.js, line 3: Error: WebGL context was lost.
JavaScript warning: https://g.alicdn.com/AWSC/WebUMID/1.80.0/um.js?d=24, line 1: Error: WebGL context was lost.
JavaScript warning: https://g.alicdn.com/secdev/sufei_data/3.8.7/index.js, line 1: Error: WebGL context was lost.
JavaScript warning: https://g.alicdn.com/AWSC/et/1.2.6/et_n.js, line 2: Error: WebGL context was lost.
JavaScript warning: https://g.alicdn.com/secdev/nsv/1.0.72/ns_d_83_3_n.js, line 3: Error: WebGL context was lost.
JavaScript warning: https://g.alicdn.com/AWSC/WebUMID/1.80.0/um.js?d=24, line 1: Error: WebGL context was lost.
1585031343965	mozrunner::runner	INFO	Running command: "C:\\Program Files\\Mozilla Firefox\\firefox.exe" "-marionette" "-foreground" "-no-remote" "-profile" "C:\\Users\\GONGLI~1\\AppData\\Local\\Temp\\rust_mozprofileI0Sfmu"
1585031344740	addons.webextension.doh-rollout@mozilla.org	WARN	Loading extension 'doh-rollout@mozilla.org': Reading manifest: Invalid extension permission: networkStatus
1585031345224	addons.webextension.screenshots@mozilla.org	WARN	Loading extension 'screenshots@mozilla.org': Reading manifest: Invalid extension permission: mozillaAddons
1585031345224	addons.webextension.screenshots@mozilla.org	WARN	Loading extension 'screenshots@mozilla.org': Reading manifest: Invalid extension permission: telemetry
1585031345225	addons.webextension.screenshots@mozilla.org	WARN	Loading extension 'screenshots@mozilla.org': Reading manifest: Invalid extension permission: resource://pdf.js/
1585031345225	addons.webextension.screenshots@mozilla.org	WARN	Loading extension 'screenshots@mozilla.org': Reading manifest: Invalid extension permission: about:reader*
JavaScript error: resource://gre/modules/XULStore.jsm, line 66: Error: Can't find profile directory.
1585031347884	Marionette	INFO	Listening on port 59901
1585031348343	Marionette	WARN	TLS certificate errors will be ignored for this session
JavaScript warning: https://g.alicdn.com/secdev/sufei_data/3.8.7/index.js, line 1: Error: WebGL context was lost.
JavaScript warning: https://g.alicdn.com/secdev/nsv/1.0.72/ns_d_83_3_n.js, line 3: Error: WebGL context was lost.
JavaScript warning: https://g.alicdn.com/AWSC/WebUMID/1.80.0/um.js?d=24, line 1: Error: WebGL context was lost.
JavaScript warning: https://g.alicdn.com/secdev/sufei_data/3.8.7/index.js, line 1: Error: WebGL context was lost.
JavaScript warning: https://g.alicdn.com/AWSC/et/1.2.6/et_n.js, line 2: Error: WebGL context was lost.
JavaScript warning: https://g.alicdn.com/secdev/nsv/1.0.72/ns_d_83_3_n.js, line 3: Error: WebGL context was lost.
JavaScript warning: https://g.alicdn.com/AWSC/WebUMID/1.80.0/um.js?d=24, line 1: Error: WebGL context was lost.
1585031374395	Marionette	INFO	Stopped listening on port 59901

###!!! [Child][RunMessage] Error: Channel closing: too late to send/recv, messages will be lost


###!!! [Child][MessageChannel::SendAndWait] Error: Channel error: cannot send/recv

1585031397336	mozrunner::runner	INFO	Running command: "C:\\Program Files\\Mozilla Firefox\\firefox.exe" "-marionette" "-foreground" "-no-remote" "-profile" "C:\\Users\\GONGLI~1\\AppData\\Local\\Temp\\rust_mozprofileVBQFYg"
1585031397824	addons.webextension.doh-rollout@mozilla.org	WARN	Loading extension 'doh-rollout@mozilla.org': Reading manifest: Invalid extension permission: networkStatus
1585031398273	addons.webextension.screenshots@mozilla.org	WARN	Loading extension 'screenshots@mozilla.org': Reading manifest: Invalid extension permission: mozillaAddons
1585031398273	addons.webextension.screenshots@mozilla.org	WARN	Loading extension 'screenshots@mozilla.org': Reading manifest: Invalid extension permission: telemetry
1585031398273	addons.webextension.screenshots@mozilla.org	WARN	Loading extension 'screenshots@mozilla.org': Reading manifest: Invalid extension permission: resource://pdf.js/
1585031398273	addons.webextension.screenshots@mozilla.org	WARN	Loading extension 'screenshots@mozilla.org': Reading manifest: Invalid extension permission: about:reader*
JavaScript error: resource://gre/modules/XULStore.jsm, line 66: Error: Can't find profile directory.
1585031400958	Marionette	INFO	Listening on port 60064
1585031401212	Marionette	WARN	TLS certificate errors will be ignored for this session
JavaScript warning: https://g.alicdn.com/secdev/sufei_data/3.8.7/index.js, line 1: Error: WebGL context was lost.
JavaScript warning: https://g.alicdn.com/secdev/nsv/1.0.72/ns_d_83_3_n.js, line 3: Error: WebGL context was lost.
JavaScript warning: https://g.alicdn.com/AWSC/WebUMID/1.80.0/um.js?d=24, line 1: Error: WebGL context was lost.
JavaScript warning: https://g.alicdn.com/secdev/sufei_data/3.8.7/index.js, line 1: Error: WebGL context was lost.
JavaScript warning: https://g.alicdn.com/secdev/nsv/1.0.72/ns_d_83_3_n.js, line 3: Error: WebGL context was lost.
JavaScript warning: https://g.alicdn.com/AWSC/et/1.2.6/et_n.js, line 2: Error: WebGL context was lost.
JavaScript warning: https://g.alicdn.com/AWSC/WebUMID/1.80.0/um.js?d=24, line 1: Error: WebGL context was lost.
1585183131019	mozrunner::runner	INFO	Running command: "C:\\Program Files\\Mozilla Firefox\\firefox.exe" "-marionette" "-foreground" "-no-remote" "-profile" "C:\\Users\\GONGLI~1\\AppData\\Local\\Temp\\rust_mozprofileE2LsSE"
1585183132727	addons.webextension.doh-rollout@mozilla.org	WARN	Loading extension 'doh-rollout@mozilla.org': Reading manifest: Invalid extension permission: networkStatus
1585183133197	addons.webextension.screenshots@mozilla.org	WARN	Loading extension 'screenshots@mozilla.org': Reading manifest: Invalid extension permission: mozillaAddons
1585183133197	addons.webextension.screenshots@mozilla.org	WARN	Loading extension 'screenshots@mozilla.org': Reading manifest: Invalid extension permission: telemetry
1585183133197	addons.webextension.screenshots@mozilla.org	WARN	Loading extension 'screenshots@mozilla.org': Reading manifest: Invalid extension permission: resource://pdf.js/
1585183133197	addons.webextension.screenshots@mozilla.org	WARN	Loading extension 'screenshots@mozilla.org': Reading manifest: Invalid extension permission: about:reader*
JavaScript error: resource://gre/modules/XULStore.jsm, line 66: Error: Can't find profile directory.
1585183136365	Marionette	INFO	Listening on port 59174
1585183136637	Marionette	WARN	TLS certificate errors will be ignored for this session
JavaScript warning: https://g.alicdn.com/secdev/sufei_data/3.8.7/index.js, line 1: Error: WebGL context was lost.
JavaScript warning: https://g.alicdn.com/secdev/nsv/1.0.72/ns_d_83_3_n.js, line 3: Error: WebGL context was lost.
JavaScript warning: https://g.alicdn.com/AWSC/WebUMID/1.79.2/um.js?d=26, line 6: Error: WebGL context was lost.
JavaScript warning: https://g.alicdn.com/secdev/sufei_data/3.8.7/index.js, line 1: Error: WebGL context was lost.
JavaScript warning: https://g.alicdn.com/secdev/nsv/1.0.72/ns_d_83_3_n.js, line 3: Error: WebGL context was lost.
JavaScript warning: https://g.alicdn.com/AWSC/et/1.2.6/et_n.js, line 2: Error: WebGL context was lost.
JavaScript warning: https://g.alicdn.com/AWSC/WebUMID/1.79.2/um.js?d=26, line 6: Error: WebGL context was lost.
1585183192786	mozrunner::runner	INFO	Running command: "C:\\Program Files\\Mozilla Firefox\\firefox.exe" "-marionette" "-foreground" "-no-remote" "-profile" "C:\\Users\\GONGLI~1\\AppData\\Local\\Temp\\rust_mozprofilewvTDMj"
1585183193286	addons.webextension.doh-rollout@mozilla.org	WARN	Loading extension 'doh-rollout@mozilla.org': Reading manifest: Invalid extension permission: networkStatus
1585183193726	addons.webextension.screenshots@mozilla.org	WARN	Loading extension 'screenshots@mozilla.org': Reading manifest: Invalid extension permission: mozillaAddons
1585183193726	addons.webextension.screenshots@mozilla.org	WARN	Loading extension 'screenshots@mozilla.org': Reading manifest: Invalid extension permission: telemetry
1585183193726	addons.webextension.screenshots@mozilla.org	WARN	Loading extension 'screenshots@mozilla.org': Reading manifest: Invalid extension permission: resource://pdf.js/
1585183193726	addons.webextension.screenshots@mozilla.org	WARN	Loading extension 'screenshots@mozilla.org': Reading manifest: Invalid extension permission: about:reader*
JavaScript error: resource://gre/modules/XULStore.jsm, line 66: Error: Can't find profile directory.
1585183196488	Marionette	INFO	Listening on port 59329
1585183196654	Marionette	WARN	TLS certificate errors will be ignored for this session
JavaScript warning: https://g.alicdn.com/secdev/sufei_data/3.8.7/index.js, line 1: Error: WebGL context was lost.
JavaScript warning: https://g.alicdn.com/secdev/nsv/1.0.72/ns_d_83_3_n.js, line 3: Error: WebGL context was lost.
JavaScript warning: https://g.alicdn.com/AWSC/WebUMID/1.80.0/um.js?d=26, line 1: Error: WebGL context was lost.
JavaScript warning: https://g.alicdn.com/secdev/sufei_data/3.8.7/index.js, line 1: Error: WebGL context was lost.
JavaScript warning: https://g.alicdn.com/AWSC/et/1.2.6/et_n.js, line 2: Error: WebGL context was lost.
JavaScript warning: https://g.alicdn.com/secdev/nsv/1.0.72/ns_d_83_3_n.js, line 3: Error: WebGL context was lost.
JavaScript warning: https://g.alicdn.com/AWSC/WebUMID/1.80.0/um.js?d=26, line 1: Error: WebGL context was lost.
1585184301722	mozrunner::runner	INFO	Running command: "C:\\Program Files\\Mozilla Firefox\\firefox.exe" "-marionette" "-foreground" "-no-remote" "-profile" "C:\\Users\\GONGLI~1\\AppData\\Local\\Temp\\rust_mozprofilekt4w07"
1585184302223	addons.webextension.doh-rollout@mozilla.org	WARN	Loading extension 'doh-rollout@mozilla.org': Reading manifest: Invalid extension permission: networkStatus
1585184302675	addons.webextension.screenshots@mozilla.org	WARN	Loading extension 'screenshots@mozilla.org': Reading manifest: Invalid extension permission: mozillaAddons
1585184302675	addons.webextension.screenshots@mozilla.org	WARN	Loading extension 'screenshots@mozilla.org': Reading manifest: Invalid extension permission: telemetry
1585184302675	addons.webextension.screenshots@mozilla.org	WARN	Loading extension 'screenshots@mozilla.org': Reading manifest: Invalid extension permission: resource://pdf.js/
1585184302675	addons.webextension.screenshots@mozilla.org	WARN	Loading extension 'screenshots@mozilla.org': Reading manifest: Invalid extension permission: about:reader*
JavaScript error: resource://gre/modules/XULStore.jsm, line 66: Error: Can't find profile directory.
1585184306546	Marionette	INFO	Listening on port 60581
1585184306694	Marionette	WARN	TLS certificate errors will be ignored for this session
JavaScript warning: https://g.alicdn.com/secdev/sufei_data/3.8.7/index.js, line 1: Error: WebGL context was lost.
JavaScript warning: https://g.alicdn.com/secdev/nsv/1.0.72/ns_d_83_3_n.js, line 3: Error: WebGL context was lost.
JavaScript warning: https://g.alicdn.com/AWSC/WebUMID/1.80.0/um.js?d=26, line 1: Error: WebGL context was lost.
JavaScript warning: https://g.alicdn.com/secdev/sufei_data/3.8.7/index.js, line 1: Error: WebGL context was lost.
JavaScript warning: https://g.alicdn.com/secdev/nsv/1.0.72/ns_d_83_3_n.js, line 3: Error: WebGL context was lost.
JavaScript warning: https://g.alicdn.com/AWSC/et/1.2.6/et_n.js, line 2: Error: WebGL context was lost.
JavaScript warning: https://g.alicdn.com/AWSC/WebUMID/1.80.0/um.js?d=26, line 1: Error: WebGL context was lost.
1585184531613	mozrunner::runner	INFO	Running command: "C:\\Program Files\\Mozilla Firefox\\firefox.exe" "-marionette" "-foreground" "-no-remote" "-profile" "C:\\Users\\GONGLI~1\\AppData\\Local\\Temp\\rust_mozprofilep0uC2h"
1585184532106	addons.webextension.doh-rollout@mozilla.org	WARN	Loading extension 'doh-rollout@mozilla.org': Reading manifest: Invalid extension permission: networkStatus
1585184532556	addons.webextension.screenshots@mozilla.org	WARN	Loading extension 'screenshots@mozilla.org': Reading manifest: Invalid extension permission: mozillaAddons
1585184532556	addons.webextension.screenshots@mozilla.org	WARN	Loading extension 'screenshots@mozilla.org': Reading manifest: Invalid extension permission: telemetry
1585184532557	addons.webextension.screenshots@mozilla.org	WARN	Loading extension 'screenshots@mozilla.org': Reading manifest: Invalid extension permission: resource://pdf.js/
1585184532557	addons.webextension.screenshots@mozilla.org	WARN	Loading extension 'screenshots@mozilla.org': Reading manifest: Invalid extension permission: about:reader*
JavaScript error: resource://gre/modules/XULStore.jsm, line 66: Error: Can't find profile directory.
1585184535904	Marionette	INFO	Listening on port 60917
1585184535986	Marionette	WARN	TLS certificate errors will be ignored for this session
JavaScript warning: https://g.alicdn.com/secdev/sufei_data/3.8.7/index.js, line 1: Error: WebGL context was lost.
JavaScript warning: https://g.alicdn.com/secdev/nsv/1.0.72/ns_d_83_3_n.js, line 3: Error: WebGL context was lost.
JavaScript warning: https://g.alicdn.com/AWSC/WebUMID/1.79.2/um.js?d=26, line 6: Error: WebGL context was lost.
JavaScript warning: https://g.alicdn.com/secdev/sufei_data/3.8.7/index.js, line 1: Error: WebGL context was lost.
JavaScript warning: https://g.alicdn.com/AWSC/et/1.2.6/et_n.js, line 2: Error: WebGL context was lost.
JavaScript warning: https://g.alicdn.com/secdev/nsv/1.0.72/ns_d_83_3_n.js, line 3: Error: WebGL context was lost.
JavaScript warning: https://g.alicdn.com/AWSC/WebUMID/1.79.2/um.js?d=26, line 6: Error: WebGL context was lost.
1585185157160	mozrunner::runner	INFO	Running command: "C:\\Program Files\\Mozilla Firefox\\firefox.exe" "-marionette" "-foreground" "-no-remote" "-profile" "C:\\Users\\GONGLI~1\\AppData\\Local\\Temp\\rust_mozprofileyVuUtc"
1585185158086	addons.webextension.doh-rollout@mozilla.org	WARN	Loading extension 'doh-rollout@mozilla.org': Reading manifest: Invalid extension permission: networkStatus
1585185158538	addons.webextension.screenshots@mozilla.org	WARN	Loading extension 'screenshots@mozilla.org': Reading manifest: Invalid extension permission: mozillaAddons
1585185158538	addons.webextension.screenshots@mozilla.org	WARN	Loading extension 'screenshots@mozilla.org': Reading manifest: Invalid extension permission: telemetry
1585185158539	addons.webextension.screenshots@mozilla.org	WARN	Loading extension 'screenshots@mozilla.org': Reading manifest: Invalid extension permission: resource://pdf.js/
1585185158539	addons.webextension.screenshots@mozilla.org	WARN	Loading extension 'screenshots@mozilla.org': Reading manifest: Invalid extension permission: about:reader*
JavaScript error: resource://gre/modules/XULStore.jsm, line 66: Error: Can't find profile directory.
1585185161770	Marionette	INFO	Listening on port 61660
1585185162265	Marionette	WARN	TLS certificate errors will be ignored for this session
1585185471290	Marionette	INFO	Stopped listening on port 61660

###!!! [Child][RunMessage] Error: Channel closing: too late to send/recv, messages will be lost


###!!! [Child][MessageChannel::SendAndWait] Error: Channel error: cannot send/recv

sion.doh-rollout@mozilla.org	WARN	Loading extension 'doh-rollout@mozilla.org': Reading manifest: Invalid extension permission: networkStatus
1585185348987	addons.webextension.screenshots@mozilla.org	WARN	Loading extension 'screenshots@mozilla.org': Reading manifest: Invalid extension permission: mozillaAddons
1585185348987	addons.webextension.screenshots@mozilla.org	WARN	Loading extension 'screenshots@mozilla.org': Reading manifest: Invalid extension permission: telemetry
1585185348987	addons.webextension.screenshots@mozilla.org	WARN	Loading extension 'screenshots@mozilla.org': Reading manifest: Invalid extension permission: resource://pdf.js/
1585185348987	addons.webextension.screenshots@mozilla.org	WARN	Loading extension 'screenshots@mozilla.org': Reading manifest: Invalid extension permission: about:reader*
JavaScript error: resource://gre/modules/XULStore.jsm, line 66: Error: Can't find profile directory.
1585185352214	Marionette	INFO	Listening on port 61913
1585185352249	Marionette	WARN	TLS certificate errors will be ignored for this session
JavaScript warning: https://g.alicdn.com/secdev/sufei_data/3.8.7/index.js, line 1: Error: WebGL context was lost.
JavaScript warning: https://g.alicdn.com/secdev/nsv/1.0.72/ns_d_83_3_n.js, line 3: Error: WebGL context was lost.
JavaScript warning: https://g.alicdn.com/AWSC/WebUMID/1.79.2/um.js?d=26, line 6: Error: WebGL context was lost.
JavaScript warning: https://g.alicdn.com/secdev/sufei_data/3.8.7/index.js, line 1: Error: WebGL context was lost.
JavaScript warning: https://g.alicdn.com/secdev/nsv/1.0.72/ns_d_83_3_n.js, line 3: Error: WebGL context was lost.
JavaScript warning: https://g.alicdn.com/AWSC/et/1.2.6/et_n.js, line 2: Error: WebGL context was lost.
JavaScript warning: https://g.alicdn.com/AWSC/WebUMID/1.79.2/um.js?d=26, line 6: Error: WebGL context was lost.
1585185470633	Marionette	INFO	Stopped listening on port 61913

###!!! [Child][MessageChannel::SendAndWait] Error: Channel error: cannot send/recv

1585185477796	mozrunner::runner	INFO	Running command: "C:\\Program Files\\Mozilla Firefox\\firefox.exe" "-marionette" "-foreground" "-no-remote" "-profile" "C:\\Users\\GONGLI~1\\AppData\\Local\\Temp\\rust_mozprofileEmxig1"
1585185478333	addons.webextension.doh-rollout@mozilla.org	WARN	Loading extension 'doh-rollout@mozilla.org': Reading manifest: Invalid extension permission: networkStatus
1585185478795	addons.webextension.screenshots@mozilla.org	WARN	Loading extension 'screenshots@mozilla.org': Reading manifest: Invalid extension permission: mozillaAddons
1585185478795	addons.webextension.screenshots@mozilla.org	WARN	Loading extension 'screenshots@mozilla.org': Reading manifest: Invalid extension permission: telemetry
1585185478795	addons.webextension.screenshots@mozilla.org	WARN	Loading extension 'screenshots@mozilla.org': Reading manifest: Invalid extension permission: resource://pdf.js/
1585185478796	addons.webextension.screenshots@mozilla.org	WARN	Loading extension 'screenshots@mozilla.org': Reading manifest: Invalid extension permission: about:reader*
JavaScript error: resource://gre/modules/XULStore.jsm, line 66: Error: Can't find profile directory.
1585185481729	Marionette	INFO	Listening on port 62146
1585185482255	Marionette	WARN	TLS certificate errors will be ignored for this session
JavaScript warning: https://g.alicdn.com/secdev/sufei_data/3.8.7/index.js, line 1: Error: WebGL context was lost.
JavaScript warning: https://g.alicdn.com/secdev/nsv/1.0.72/ns_d_83_3_n.js, line 3: Error: WebGL context was lost.
JavaScript warning: https://g.alicdn.com/AWSC/WebUMID/1.79.2/um.js?d=26, line 6: Error: WebGL context was lost.
JavaScript warning: https://g.alicdn.com/AWSC/WebUMID/1.79.2/um.js?d=26, line 6: Error: WebGL context was lost.
JavaScript warning: https://g.alicdn.com/secdev/sufei_data/3.8.7/index.js, line 1: Error: WebGL context was lost.
JavaScript warning: https://g.alicdn.com/secdev/nsv/1.0.72/ns_d_83_3_n.js, line 3: Error: WebGL context was lost.
JavaScript warning: https://g.alicdn.com/AWSC/et/1.2.6/et_n.js, line 2: Error: WebGL context was lost.
1585185626600	mozrunner::runner	INFO	Running command: "C:\\Program Files\\Mozilla Firefox\\firefox.exe" "-marionette" "-foreground" "-no-remote" "-profile" "C:\\Users\\GONGLI~1\\AppData\\Local\\Temp\\rust_mozprofileUf5dqj"
1585185627094	addons.webextension.doh-rollout@mozilla.org	WARN	Loading extension 'doh-rollout@mozilla.org': Reading manifest: Invalid extension permission: networkStatus
1585185627826	addons.webextension.screenshots@mozilla.org	WARN	Loading extension 'screenshots@mozilla.org': Reading manifest: Invalid extension permission: mozillaAddons
1585185627826	addons.webextension.screenshots@mozilla.org	WARN	Loading extension 'screenshots@mozilla.org': Reading manifest: Invalid extension permission: telemetry
1585185627827	addons.webextension.screenshots@mozilla.org	WARN	Loading extension 'screenshots@mozilla.org': Reading manifest: Invalid extension permission: resource://pdf.js/
1585185627827	addons.webextension.screenshots@mozilla.org	WARN	Loading extension 'screenshots@mozilla.org': Reading manifest: Invalid extension permission: about:reader*
JavaScript error: resource://gre/modules/XULStore.jsm, line 66: Error: Can't find profile directory.
1585185631240	Marionette	INFO	Listening on port 62403
1585185631581	Marionette	WARN	TLS certificate errors will be ignored for this session
1585185694499	mozrunner::runner	INFO	Running command: "C:\\Program Files\\Mozilla Firefox\\firefox.exe" "-marionette" "-foreground" "-no-remote" "-profile" "C:\\Users\\GONGLI~1\\AppData\\Local\\Temp\\rust_mozprofileTvNRyU"
1585185695057	addons.webextension.doh-rollout@mozilla.org	WARN	Loading extension 'doh-rollout@mozilla.org': Reading manifest: Invalid extension permission: networkStatus
1585185695873	addons.webextension.screenshots@mozilla.org	WARN	Loading extension 'screenshots@mozilla.org': Reading manifest: Invalid extension permission: mozillaAddons
1585185695873	addons.webextension.screenshots@mozilla.org	WARN	Loading extension 'screenshots@mozilla.org': Reading manifest: Invalid extension permission: telemetry
1585185695873	addons.webextension.screenshots@mozilla.org	WARN	Loading extension 'screenshots@mozilla.org': Reading manifest: Invalid extension permission: resource://pdf.js/
1585185695873	addons.webextension.screenshots@mozilla.org	WARN	Loading extension 'screenshots@mozilla.org': Reading manifest: Invalid extension permission: about:reader*
JavaScript error: resource://gre/modules/XULStore.jsm, line 66: Error: Can't find profile directory.
1585185698768	Marionette	INFO	Listening on port 62538
1585185698896	Marionette	WARN	TLS certificate errors will be ignored for this session
1585185768782	Marionette	INFO	Stopped listening on port 62538

###!!! [Child][RunMessage] Error: Channel closing: too late to send/recv, messages will be lost


###!!! [Child][MessageChannel::SendAndWait] Error: Channel error: cannot send/recv

1585185805567	mozrunner::runner	INFO	Running command: "C:\\Program Files\\Mozilla Firefox\\firefox.exe" "-marionette" "-foreground" "-no-remote" "-profile" "C:\\Users\\GONGLI~1\\AppData\\Local\\Temp\\rust_mozprofileXltnoO"
1585185806121	addons.webextension.doh-rollout@mozilla.org	WARN	Loading extension 'doh-rollout@mozilla.org': Reading manifest: Invalid extension permission: networkStatus
1585185806581	addons.webextension.screenshots@mozilla.org	WARN	Loading extension 'screenshots@mozilla.org': Reading manifest: Invalid extension permission: mozillaAddons
1585185806582	addons.webextension.screenshots@mozilla.org	WARN	Loading extension 'screenshots@mozilla.org': Reading manifest: Invalid extension permission: telemetry
1585185806582	addons.webextension.screenshots@mozilla.org	WARN	Loading extension 'screenshots@mozilla.org': Reading manifest: Invalid extension permission: resource://pdf.js/
1585185806582	addons.webextension.screenshots@mozilla.org	WARN	Loading extension 'screenshots@mozilla.org': Reading manifest: Invalid extension permission: about:reader*
JavaScript error: resource://gre/modules/XULStore.jsm, line 66: Error: Can't find profile directory.
1585185809612	Marionette	INFO	Listening on port 62707
1585185809978	Marionette	WARN	TLS certificate errors will be ignored for this session
1585185956889	mozrunner::runner	INFO	Running command: "C:\\Program Files\\Mozilla Firefox\\firefox.exe" "-marionette" "-foreground" "-no-remote" "-profile" "C:\\Users\\GONGLI~1\\AppData\\Local\\Temp\\rust_mozprofilerEGG4j"
1585185957387	addons.webextension.doh-rollout@mozilla.org	WARN	Loading extension 'doh-rollout@mozilla.org': Reading manifest: Invalid extension permission: networkStatus
1585185957833	addons.webextension.screenshots@mozilla.org	WARN	Loading extension 'screenshots@mozilla.org': Reading manifest: Invalid extension permission: mozillaAddons
1585185957833	addons.webextension.screenshots@mozilla.org	WARN	Loading extension 'screenshots@mozilla.org': Reading manifest: Invalid extension permission: telemetry
1585185957833	addons.webextension.screenshots@mozilla.org	WARN	Loading extension 'screenshots@mozilla.org': Reading manifest: Invalid extension permission: resource://pdf.js/
1585185957833	addons.webextension.screenshots@mozilla.org	WARN	Loading extension 'screenshots@mozilla.org': Reading manifest: Invalid extension permission: about:reader*
JavaScript error: resource://gre/modules/XULStore.jsm, line 66: Error: Can't find profile directory.
1585185960961	Marionette	INFO	Listening on port 62968
1585185961256	Marionette	WARN	TLS certificate errors will be ignored for this session
1585186027093	Marionette	INFO	Stopped listening on port 62968

###!!! [Child][RunMessage] Error: Channel closing: too late to send/recv, messages will be lost


###!!! [Child][MessageChannel::SendAndWait] Error: Channel error: cannot send/recv

1585186052571	mozrunner::runner	INFO	Running command: "C:\\Program Files\\Mozilla Firefox\\firefox.exe" "-marionette" "-foreground" "-no-remote" "-profile" "C:\\Users\\GONGLI~1\\AppData\\Local\\Temp\\rust_mozprofileoR7Dp4"
1585186053374	addons.webextension.doh-rollout@mozilla.org	WARN	Loading extension 'doh-rollout@mozilla.org': Reading manifest: Invalid extension permission: networkStatus
1585186053819	addons.webextension.screenshots@mozilla.org	WARN	Loading extension 'screenshots@mozilla.org': Reading manifest: Invalid extension permission: mozillaAddons
1585186053819	addons.webextension.screenshots@mozilla.org	WARN	Loading extension 'screenshots@mozilla.org': Reading manifest: Invalid extension permission: telemetry
1585186053819	addons.webextension.screenshots@mozilla.org	WARN	Loading extension 'screenshots@mozilla.org': Reading manifest: Invalid extension permission: resource://pdf.js/
1585186053819	addons.webextension.screenshots@mozilla.org	WARN	Loading extension 'screenshots@mozilla.org': Reading manifest: Invalid extension permission: about:reader*
JavaScript error: resource://gre/modules/XULStore.jsm, line 66: Error: Can't find profile directory.
1585186056900	Marionette	INFO	Listening on port 63152
1585186056951	Marionette	WARN	TLS certificate errors will be ignored for this session
JavaScript warning: https://g.alicdn.com/secdev/sufei_data/3.8.7/index.js, line 1: Error: WebGL context was lost.
JavaScript warning: https://g.alicdn.com/secdev/nsv/1.0.72/ns_d_83_3_n.js, line 3: Error: WebGL context was lost.
JavaScript warning: https://g.alicdn.com/AWSC/WebUMID/1.79.2/um.js?d=26, line 6: Error: WebGL context was lost.
JavaScript warning: https://g.alicdn.com/secdev/sufei_data/3.8.7/index.js, line 1: Error: WebGL context was lost.
JavaScript warning: https://g.alicdn.com/secdev/nsv/1.0.72/ns_d_83_3_n.js, line 3: Error: WebGL context was lost.
JavaScript warning: https://g.alicdn.com/AWSC/et/1.2.6/et_n.js, line 2: Error: WebGL context was lost.
JavaScript warning: https://g.alicdn.com/AWSC/WebUMID/1.79.2/um.js?d=26, line 6: Error: WebGL context was lost.
1585186100784	Marionette	INFO	Stopped listening on port 63152

###!!! [Child][RunMessage] Error: Channel closing: too late to send/recv, messages will be lost


###!!! [Child][MessageChannel::SendAndWait] Error: Channel error: cannot send/recv

1585269175944	mozrunner::runner	INFO	Running command: "C:\\Program Files\\Mozilla Firefox\\firefox.exe" "-marionette" "-foreground" "-no-remote" "-profile" "C:\\Users\\GONGLI~1\\AppData\\Local\\Temp\\rust_mozprofileAww7p9"
1585269178036	addons.webextension.doh-rollout@mozilla.org	WARN	Loading extension 'doh-rollout@mozilla.org': Reading manifest: Invalid extension permission: networkStatus
1585269178637	addons.webextension.screenshots@mozilla.org	WARN	Loading extension 'screenshots@mozilla.org': Reading manifest: Invalid extension permission: mozillaAddons
1585269178637	addons.webextension.screenshots@mozilla.org	WARN	Loading extension 'screenshots@mozilla.org': Reading manifest: Invalid extension permission: telemetry
1585269178637	addons.webextension.screenshots@mozilla.org	WARN	Loading extension 'screenshots@mozilla.org': Reading manifest: Invalid extension permission: resource://pdf.js/
1585269178637	addons.webextension.screenshots@mozilla.org	WARN	Loading extension 'screenshots@mozilla.org': Reading manifest: Invalid extension permission: about:reader*
JavaScript error: resource://gre/modules/XULStore.jsm, line 66: Error: Can't find profile directory.
1585269183325	Marionette	INFO	Listening on port 51714
1585269183976	Marionette	WARN	TLS certificate errors will be ignored for this session
JavaScript warning: https://g.alicdn.com/secdev/sufei_data/3.8.8/index.js, line 1: Error: WebGL context was lost.
JavaScript warning: https://g.alicdn.com/secdev/nsv/1.0.72/ns_d_83_3_n.js, line 3: Error: WebGL context was lost.
JavaScript warning: https://g.alicdn.com/secdev/nsv/1.0.72/ns_d_83_3_n.js, line 3: Error: WebGL context was lost.
JavaScript warning: https://g.alicdn.com/secdev/sufei_data/3.8.7/index.js, line 1: Error: WebGL context was lost.
JavaScript warning: https://g.alicdn.com/AWSC/et/1.2.6/et_n.js, line 2: Error: WebGL context was lost.
JavaScript warning: https://g.alicdn.com/AWSC/WebUMID/1.80.0/um.js?d=27, line 1: Error: WebGL context was lost.
JavaScript warning: https://g.alicdn.com/AWSC/WebUMID/1.80.0/um.js?d=27, line 1: Error: WebGL context was lost.

###!!! [Child][MessageChannel] Error: (msgtype=0x58000D,name=PHttpChannel::Msg_DeletingChannel) Channel closing: too late to send/recv, messages will be lost


###!!! [Child][MessageChannel] Error: (msgtype=0x58000D,name=PHttpChannel::Msg_DeletingChannel) Channel closing: too late to send/recv, messages will be lost

1585271486959	Marionette	INFO	Stopped listening on port 51714

###!!! [Child][MessageChannel::SendAndWait] Error: Channel error: cannot send/recv

1585271502362	mozrunner::runner	INFO	Running command: "C:\\Program Files\\Mozilla Firefox\\firefox.exe" "-marionette" "-foreground" "-no-remote" "-profile" "C:\\Users\\GONGLI~1\\AppData\\Local\\Temp\\rust_mozprofileDfXH3I"
1585271502993	addons.webextension.doh-rollout@mozilla.org	WARN	Loading extension 'doh-rollout@mozilla.org': Reading manifest: Invalid extension permission: networkStatus
1585271503458	addons.webextension.screenshots@mozilla.org	WARN	Loading extension 'screenshots@mozilla.org': Reading manifest: Invalid extension permission: mozillaAddons
1585271503458	addons.webextension.screenshots@mozilla.org	WARN	Loading extension 'screenshots@mozilla.org': Reading manifest: Invalid extension permission: telemetry
1585271503458	addons.webextension.screenshots@mozilla.org	WARN	Loading extension 'screenshots@mozilla.org': Reading manifest: Invalid extension permission: resource://pdf.js/
1585271503458	addons.webextension.screenshots@mozilla.org	WARN	Loading extension 'screenshots@mozilla.org': Reading manifest: Invalid extension permission: about:reader*
JavaScript error: resource://gre/modules/XULStore.jsm, line 66: Error: Can't find profile directory.
1585271506376	Marionette	INFO	Listening on port 54245
1585271506820	Marionette	WARN	TLS certificate errors will be ignored for this session
JavaScript warning: https://g.alicdn.com/secdev/sufei_data/3.8.7/index.js, line 1: Error: WebGL context was lost.
JavaScript warning: https://g.alicdn.com/secdev/nsv/1.0.72/ns_d_83_3_n.js, line 3: Error: WebGL context was lost.
JavaScript warning: https://g.alicdn.com/AWSC/WebUMID/1.80.0/um.js?d=27, line 1: Error: WebGL context was lost.
JavaScript warning: https://g.alicdn.com/AWSC/WebUMID/1.80.0/um.js?d=27, line 1: Error: WebGL context was lost.
JavaScript warning: https://g.alicdn.com/secdev/sufei_data/3.8.7/index.js, line 1: Error: WebGL context was lost.
JavaScript warning: https://g.alicdn.com/secdev/nsv/1.0.72/ns_d_83_3_n.js, line 3: Error: WebGL context was lost.
JavaScript warning: https://g.alicdn.com/AWSC/et/1.2.6/et_n.js, line 2: Error: WebGL context was lost.
1585271744289	Marionette	INFO	Stopped listening on port 54245

###!!! [Child][RunMessage] Error: Channel closing: too late to send/recv, messages will be lost


###!!! [Child][MessageChannel::SendAndWait] Error: Channel error: cannot send/recv

1585271770003	mozrunner::runner	INFO	Running command: "C:\\Program Files\\Mozilla Firefox\\firefox.exe" "-marionette" "-foreground" "-no-remote" "-profile" "C:\\Users\\GONGLI~1\\AppData\\Local\\Temp\\rust_mozprofileu0gjB4"
1585271770530	addons.webextension.doh-rollout@mozilla.org	WARN	Loading extension 'doh-rollout@mozilla.org': Reading manifest: Invalid extension permission: networkStatus
1585271771042	addons.webextension.screenshots@mozilla.org	WARN	Loading extension 'screenshots@mozilla.org': Reading manifest: Invalid extension permission: mozillaAddons
1585271771042	addons.webextension.screenshots@mozilla.org	WARN	Loading extension 'screenshots@mozilla.org': Reading manifest: Invalid extension permission: telemetry
1585271771042	addons.webextension.screenshots@mozilla.org	WARN	Loading extension 'screenshots@mozilla.org': Reading manifest: Invalid extension permission: resource://pdf.js/
1585271771042	addons.webextension.screenshots@mozilla.org	WARN	Loading extension 'screenshots@mozilla.org': Reading manifest: Invalid extension permission: about:reader*
JavaScript error: resource://gre/modules/XULStore.jsm, line 66: Error: Can't find profile directory.
1585271774687	Marionette	INFO	Listening on port 54469
1585271774980	Marionette	WARN	TLS certificate errors will be ignored for this session
JavaScript warning: https://g.alicdn.com/secdev/sufei_data/3.8.7/index.js, line 1: Error: WebGL context was lost.
JavaScript warning: https://g.alicdn.com/secdev/nsv/1.0.72/ns_d_83_3_n.js, line 3: Error: WebGL context was lost.
JavaScript warning: https://g.alicdn.com/AWSC/WebUMID/1.80.0/um.js?d=27, line 1: Error: WebGL context was lost.
JavaScript warning: https://g.alicdn.com/secdev/sufei_data/3.8.7/index.js, line 1: Error: WebGL context was lost.
JavaScript warning: https://g.alicdn.com/AWSC/et/1.2.6/et_n.js, line 2: Error: WebGL context was lost.
JavaScript warning: https://g.alicdn.com/secdev/nsv/1.0.72/ns_d_83_3_n.js, line 3: Error: WebGL context was lost.
JavaScript warning: https://g.alicdn.com/AWSC/WebUMID/1.80.0/um.js?d=27, line 1: Error: WebGL context was lost.
1585271917417	Marionette	INFO	Stopped listening on port 54469

###!!! [Child][RunMessage] Error: Channel closing: too late to send/recv, messages will be lost


###!!! [Child][MessageChannel::SendAndWait] Error: Channel error: cannot send/recv

1585271937155	mozrunner::runner	INFO	Running command: "C:\\Program Files\\Mozilla Firefox\\firefox.exe" "-marionette" "-foreground" "-no-remote" "-profile" "C:\\Users\\GONGLI~1\\AppData\\Local\\Temp\\rust_mozprofile4lzr6o"
1585271937832	addons.webextension.doh-rollout@mozilla.org	WARN	Loading extension 'doh-rollout@mozilla.org': Reading manifest: Invalid extension permission: networkStatus
1585271938321	addons.webextension.screenshots@mozilla.org	WARN	Loading extension 'screenshots@mozilla.org': Reading manifest: Invalid extension permission: mozillaAddons
1585271938322	addons.webextension.screenshots@mozilla.org	WARN	Loading extension 'screenshots@mozilla.org': Reading manifest: Invalid extension permission: telemetry
1585271938322	addons.webextension.screenshots@mozilla.org	WARN	Loading extension 'screenshots@mozilla.org': Reading manifest: Invalid extension permission: resource://pdf.js/
1585271938322	addons.webextension.screenshots@mozilla.org	WARN	Loading extension 'screenshots@mozilla.org': Reading manifest: Invalid extension permission: about:reader*
JavaScript error: resource://gre/modules/XULStore.jsm, line 66: Error: Can't find profile directory.
1585271941256	Marionette	INFO	Listening on port 54614
1585271941597	Marionette	WARN	TLS certificate errors will be ignored for this session
JavaScript warning: https://g.alicdn.com/secdev/sufei_data/3.8.7/index.js, line 1: Error: WebGL context was lost.
JavaScript warning: https://g.alicdn.com/secdev/nsv/1.0.72/ns_d_83_3_n.js, line 3: Error: WebGL context was lost.
JavaScript warning: https://g.alicdn.com/secdev/sufei_data/3.8.7/index.js, line 1: Error: WebGL context was lost.
JavaScript warning: https://g.alicdn.com/AWSC/et/1.2.6/et_n.js, line 2: Error: WebGL context was lost.
JavaScript warning: https://g.alicdn.com/secdev/nsv/1.0.72/ns_d_83_3_n.js, line 3: Error: WebGL context was lost.
JavaScript warning: https://g.alicdn.com/AWSC/WebUMID/1.80.0/um.js?d=27, line 1: Error: WebGL context was lost.
JavaScript warning: https://g.alicdn.com/AWSC/WebUMID/1.80.0/um.js?d=27, line 1: Error: WebGL context was lost.
1585271967442	Marionette	INFO	Stopped listening on port 54614

###!!! [Child][RunMessage] Error: Channel closing: too late to send/recv, messages will be lost


###!!! [Child][MessageChannel::SendAndWait] Error: Channel error: cannot send/recv

